ERROR - 2018-09-27 09:00:47 --> Could not find the language line "Home"
ERROR - 2018-09-27 09:04:52 --> 404 Page Not Found: assets/js/bootstrap/popper.min.js.map
ERROR - 2018-09-27 09:04:52 --> 404 Page Not Found: assets/css/bootstrap/bootstrap.min.css.map
ERROR - 2018-09-27 09:04:52 --> 404 Page Not Found: assets/js/bootstrap/bootstrap.min.js.map
ERROR - 2018-09-27 09:07:37 --> Could not find the language line "form_validation_email"
ERROR - 2018-09-27 09:07:51 --> Could not find the language line "form_validation_email"
ERROR - 2018-09-27 09:19:41 --> 404 Page Not Found: assets/js/bootstrap/bootstrap.min.js.map
ERROR - 2018-09-27 09:19:41 --> 404 Page Not Found: assets/js/bootstrap/popper.min.js.map
ERROR - 2018-09-27 09:19:41 --> 404 Page Not Found: assets/css/bootstrap/bootstrap.min.css.map
ERROR - 2018-09-27 09:21:51 --> 404 Page Not Found: assets/css/bootstrap/bootstrap.min.css.map
ERROR - 2018-09-27 09:21:51 --> 404 Page Not Found: assets/js/bootstrap/popper.min.js.map
ERROR - 2018-09-27 09:21:51 --> 404 Page Not Found: assets/js/bootstrap/bootstrap.min.js.map
ERROR - 2018-09-27 09:21:55 --> 404 Page Not Found: assets/js/bootstrap/bootstrap.min.js.map
ERROR - 2018-09-27 09:21:55 --> 404 Page Not Found: assets/js/bootstrap/popper.min.js.map
ERROR - 2018-09-27 09:21:55 --> 404 Page Not Found: assets/css/bootstrap/bootstrap.min.css.map
ERROR - 2018-09-27 09:22:05 --> 404 Page Not Found: assets/js/bootstrap/bootstrap.min.js.map
ERROR - 2018-09-27 09:22:05 --> 404 Page Not Found: assets/css/bootstrap/bootstrap.min.css.map
ERROR - 2018-09-27 09:22:05 --> 404 Page Not Found: assets/js/bootstrap/popper.min.js.map
ERROR - 2018-09-27 09:42:57 --> 404 Page Not Found: assets/js/bootstrap/popper.min.js.map
ERROR - 2018-09-27 09:42:57 --> 404 Page Not Found: assets/js/bootstrap/bootstrap.min.js.map
ERROR - 2018-09-27 09:42:57 --> 404 Page Not Found: assets/css/bootstrap/bootstrap.min.css.map
ERROR - 2018-09-27 09:44:47 --> 404 Page Not Found: assets/css/bootstrap/bootstrap.min.css.map
ERROR - 2018-09-27 09:44:47 --> 404 Page Not Found: assets/js/bootstrap/popper.min.js.map
ERROR - 2018-09-27 09:44:47 --> 404 Page Not Found: assets/js/bootstrap/bootstrap.min.js.map
ERROR - 2018-09-27 10:07:37 --> 404 Page Not Found: assets/js/bootstrap/popper.min.js.map
ERROR - 2018-09-27 10:07:37 --> 404 Page Not Found: assets/js/bootstrap/bootstrap.min.js.map
ERROR - 2018-09-27 10:07:37 --> 404 Page Not Found: assets/css/bootstrap/bootstrap.min.css.map
ERROR - 2018-09-27 10:10:44 --> 404 Page Not Found: assets/js/bootstrap/bootstrap.min.js.map
ERROR - 2018-09-27 10:10:44 --> 404 Page Not Found: assets/js/bootstrap/popper.min.js.map
ERROR - 2018-09-27 10:10:44 --> 404 Page Not Found: assets/css/bootstrap/bootstrap.min.css.map
ERROR - 2018-09-27 11:21:10 --> Could not find the language line "Home"
ERROR - 2018-09-27 11:21:17 --> Could not find the language line "Home"
ERROR - 2018-09-27 11:21:20 --> Could not find the language line "Home"
ERROR - 2018-09-27 11:21:22 --> Could not find the language line "Home"
ERROR - 2018-09-27 11:21:27 --> Could not find the language line "Home"
ERROR - 2018-09-27 11:25:36 --> Could not find the language line "Home"
ERROR - 2018-09-27 11:25:39 --> Could not find the language line "Home"
ERROR - 2018-09-27 11:26:01 --> Could not find the language line "Home"
ERROR - 2018-09-27 11:26:03 --> Could not find the language line "Home"
ERROR - 2018-09-27 11:26:04 --> Could not find the language line "Home"
ERROR - 2018-09-27 11:26:05 --> Could not find the language line "Home"
ERROR - 2018-09-27 11:26:07 --> Could not find the language line "Home"
ERROR - 2018-09-27 11:26:09 --> Could not find the language line "Home"
ERROR - 2018-09-27 11:29:45 --> Could not find the language line "Home"
ERROR - 2018-09-27 11:30:18 --> Could not find the language line "Home"
ERROR - 2018-09-27 11:30:21 --> Could not find the language line "Home"
ERROR - 2018-09-27 11:31:46 --> Could not find the language line "Home"
ERROR - 2018-09-27 11:31:48 --> Could not find the language line "Home"
ERROR - 2018-09-27 11:31:50 --> Could not find the language line "Home"
ERROR - 2018-09-27 11:31:52 --> Could not find the language line "Home"
ERROR - 2018-09-27 11:31:54 --> Could not find the language line "Home"
ERROR - 2018-09-27 11:31:56 --> Could not find the language line "Home"
ERROR - 2018-09-27 11:31:59 --> Could not find the language line "Home"
ERROR - 2018-09-27 11:32:02 --> Could not find the language line "Home"
ERROR - 2018-09-27 11:32:12 --> Could not find the language line "Home"
ERROR - 2018-09-27 11:32:14 --> Could not find the language line "Home"
ERROR - 2018-09-27 11:32:15 --> Could not find the language line "Home"
ERROR - 2018-09-27 11:32:17 --> Could not find the language line "Home"
ERROR - 2018-09-27 11:33:13 --> Could not find the language line "Home"
ERROR - 2018-09-27 11:33:14 --> Could not find the language line "Home"
ERROR - 2018-09-27 11:33:15 --> Could not find the language line "Home"
ERROR - 2018-09-27 11:33:17 --> Could not find the language line "Home"
ERROR - 2018-09-27 11:33:19 --> Could not find the language line "Home"
ERROR - 2018-09-27 11:34:45 --> Could not find the language line "Home"
ERROR - 2018-09-27 11:34:58 --> Could not find the language line "Home"
ERROR - 2018-09-27 11:35:02 --> Could not find the language line "Home"
ERROR - 2018-09-27 11:35:05 --> Could not find the language line "Home"
ERROR - 2018-09-27 11:35:08 --> Could not find the language line "Home"
ERROR - 2018-09-27 11:37:38 --> Could not find the language line "Home"
ERROR - 2018-09-27 11:37:48 --> Could not find the language line "Home"
ERROR - 2018-09-27 11:40:29 --> Could not find the language line "Home"
ERROR - 2018-09-27 11:40:31 --> Could not find the language line "Home"
ERROR - 2018-09-27 12:03:15 --> Severity: Notice --> Undefined offset: 2 D:\OSPanel\domains\localhost\NestGarage\application\views\header.php 6
ERROR - 2018-09-27 12:18:09 --> 404 Page Not Found: assets/js/bootstrap/bootstrap.min.js.map
ERROR - 2018-09-27 12:18:09 --> 404 Page Not Found: assets/js/bootstrap/popper.min.js.map
ERROR - 2018-09-27 12:18:09 --> 404 Page Not Found: assets/css/bootstrap/bootstrap.min.css.map
ERROR - 2018-09-27 12:18:31 --> 404 Page Not Found: assets/css/bootstrap/bootstrap.min.css.map
ERROR - 2018-09-27 12:18:32 --> 404 Page Not Found: assets/js/bootstrap/popper.min.js.map
ERROR - 2018-09-27 12:18:32 --> 404 Page Not Found: assets/js/bootstrap/bootstrap.min.js.map
ERROR - 2018-09-27 12:18:35 --> Severity: Notice --> Undefined offset: 0 D:\OSPanel\domains\localhost\NestGarage\application\views\header.php 5
ERROR - 2018-09-27 12:18:35 --> Severity: Notice --> Undefined offset: 0 D:\OSPanel\domains\localhost\NestGarage\application\views\header.php 6
ERROR - 2018-09-27 12:31:17 --> 404 Page Not Found: assets/css/bootstrap/bootstrap.min.css.map
ERROR - 2018-09-27 12:31:18 --> 404 Page Not Found: assets/js/bootstrap/popper.min.js.map
ERROR - 2018-09-27 12:31:18 --> 404 Page Not Found: assets/js/bootstrap/bootstrap.min.js.map
ERROR - 2018-09-27 12:31:19 --> 404 Page Not Found: assets/css/bootstrap/bootstrap.min.css.map
ERROR - 2018-09-27 12:31:20 --> 404 Page Not Found: assets/js/bootstrap/popper.min.js.map
ERROR - 2018-09-27 12:31:20 --> 404 Page Not Found: assets/js/bootstrap/bootstrap.min.js.map
ERROR - 2018-09-27 12:31:21 --> 404 Page Not Found: assets/css/bootstrap/bootstrap.min.css.map
ERROR - 2018-09-27 12:31:22 --> 404 Page Not Found: assets/css/bootstrap/bootstrap.min.css.map
ERROR - 2018-09-27 12:31:23 --> 404 Page Not Found: assets/css/bootstrap/bootstrap.min.css.map
ERROR - 2018-09-27 12:31:23 --> 404 Page Not Found: assets/js/bootstrap/popper.min.js.map
ERROR - 2018-09-27 12:31:23 --> 404 Page Not Found: assets/js/bootstrap/bootstrap.min.js.map
ERROR - 2018-09-27 12:39:19 --> 404 Page Not Found: assets/css/bootstrap/bootstrap.min.css.map
ERROR - 2018-09-27 12:39:19 --> 404 Page Not Found: assets/js/bootstrap/bootstrap.min.js.map
ERROR - 2018-09-27 12:39:19 --> 404 Page Not Found: assets/js/bootstrap/popper.min.js.map
