<<<<<<< HEAD
ERROR - 2018-09-26 08:57:10 --> 404 Page Not Found: icons/logout.png
ERROR - 2018-09-26 09:15:51 --> 404 Page Not Found: icons/logout.png
ERROR - 2018-09-26 09:17:00 --> 404 Page Not Found: icons/logout.png
ERROR - 2018-09-26 09:25:01 --> Could not find the language line "Home"
ERROR - 2018-09-26 09:25:13 --> Could not find the language line "Home"
ERROR - 2018-09-26 09:25:31 --> Could not find the language line "Home"
ERROR - 2018-09-26 09:25:33 --> Could not find the language line "Home"
ERROR - 2018-09-26 09:25:34 --> Could not find the language line "Home"
ERROR - 2018-09-26 09:25:34 --> Could not find the language line "Home"
ERROR - 2018-09-26 09:25:34 --> Could not find the language line "Home"
=======
ERROR - 2018-09-26 08:58:53 --> Could not find the language line "Home"
ERROR - 2018-09-26 09:15:54 --> Could not find the language line "Home"
ERROR - 2018-09-26 09:17:17 --> Could not find the language line "Home"
ERROR - 2018-09-26 09:18:26 --> Could not find the language line "Home"
>>>>>>> 1760965f81dd3fff9f59f3e1fd8b096c02cd16ed
ERROR - 2018-09-26 09:27:11 --> Could not find the language line "Home"
ERROR - 2018-09-26 09:27:46 --> Could not find the language line "Home"
ERROR - 2018-09-26 09:29:20 --> Could not find the language line "Home"
ERROR - 2018-09-26 09:29:20 --> Could not find the language line "Home"
ERROR - 2018-09-26 09:29:20 --> Could not find the language line "Home"
ERROR - 2018-09-26 09:29:21 --> Could not find the language line "Home"
ERROR - 2018-09-26 09:30:11 --> 404 Page Not Found: icons/logout.png
ERROR - 2018-09-26 09:33:03 --> 404 Page Not Found: icons/logout.png
ERROR - 2018-09-26 09:33:04 --> 404 Page Not Found: icons/logout.png
ERROR - 2018-09-26 09:33:05 --> 404 Page Not Found: content
ERROR - 2018-09-26 09:33:09 --> 404 Page Not Found: icons/logout.png
ERROR - 2018-09-26 09:33:11 --> 404 Page Not Found: admin/faq
ERROR - 2018-09-26 09:34:00 --> 404 Page Not Found: icons/logout.png
ERROR - 2018-09-26 09:34:00 --> 404 Page Not Found: admin/faq
ERROR - 2018-09-26 09:34:28 --> 404 Page Not Found: icons/logout.png
ERROR - 2018-09-26 09:34:29 --> 404 Page Not Found: icons/logout.png
ERROR - 2018-09-26 09:34:31 --> 404 Page Not Found: icons/logout.png
ERROR - 2018-09-26 09:38:38 --> 404 Page Not Found: icons/logout.png
ERROR - 2018-09-26 09:38:39 --> 404 Page Not Found: icons/logout.png
ERROR - 2018-09-26 09:53:16 --> Could not find the language line "Home"
ERROR - 2018-09-26 09:53:21 --> Could not find the language line "Home"
