ERROR - 2018-09-25 10:34:19 --> Severity: Warning --> mysqli::real_connect(): (HY000/1049): Unknown database 'dilemmatik' D:\OSPanel\domains\localhost\NestGarage\system\database\drivers\mysqli\mysqli_driver.php 201
ERROR - 2018-09-25 10:34:19 --> Unable to connect to the database
ERROR - 2018-09-25 10:34:19 --> Language file contains no data: language/armenian/db_lang.php
ERROR - 2018-09-25 10:34:19 --> Could not find the language line "db_error_heading"
ERROR - 2018-09-25 10:34:19 --> Could not find the language line "db_unable_to_connect"
ERROR - 2018-09-25 10:34:19 --> Severity: Warning --> Cannot modify header information - headers already sent by (output started at D:\OSPanel\domains\localhost\NestGarage\system\core\Exceptions.php:271) D:\OSPanel\domains\localhost\NestGarage\system\core\Common.php 570
ERROR - 2018-09-25 10:35:17 --> Severity: Notice --> Undefined index: site_lang D:\OSPanel\domains\localhost\NestGarage\application\controllers\Main.php 21
ERROR - 2018-09-25 10:35:17 --> Could not find the language line "Home"
ERROR - 2018-09-25 10:35:17 --> Query error: Table 'dilemmatik.video' doesn't exist - Invalid query: SELECT
					`video`.`id`,
					`video`.`title_hy` AS `title`,
					`video`.`alias_hy` AS `alias`,
					`video`.`video_id`,
					`video`.`photo`,
					`video`.`video_list_id`,
					`video`.`status`
				FROM
				  `video`
				WHERE 1 
                AND `video`.`an` = '1'
                AND `video`.`status` = '1' 
				ORDER BY `video`.`date` DESC
ERROR - 2018-09-25 10:35:17 --> Language file contains no data: language/armenian/db_lang.php
ERROR - 2018-09-25 10:35:17 --> Could not find the language line "db_error_heading"
ERROR - 2018-09-25 10:35:17 --> Severity: Warning --> Cannot modify header information - headers already sent by (output started at D:\OSPanel\domains\localhost\NestGarage\system\core\Exceptions.php:271) D:\OSPanel\domains\localhost\NestGarage\system\core\Common.php 570
ERROR - 2018-09-25 10:37:08 --> Could not find the language line "Home"
ERROR - 2018-09-25 10:37:08 --> Query error: Table 'dilemmatik.video' doesn't exist - Invalid query: SELECT
					`video`.`id`,
					`video`.`title_hy` AS `title`,
					`video`.`alias_hy` AS `alias`,
					`video`.`video_id`,
					`video`.`photo`,
					`video`.`video_list_id`,
					`video`.`status`
				FROM
				  `video`
				WHERE 1 
                AND `video`.`an` = '1'
                AND `video`.`status` = '1' 
				ORDER BY `video`.`date` DESC
ERROR - 2018-09-25 10:37:08 --> Language file contains no data: language/armenian/db_lang.php
ERROR - 2018-09-25 10:37:08 --> Could not find the language line "db_error_heading"
ERROR - 2018-09-25 10:38:03 --> Could not find the language line "Home"
ERROR - 2018-09-25 10:43:14 --> Could not find the language line "Home"
ERROR - 2018-09-25 10:43:17 --> Could not find the language line "Home"
ERROR - 2018-09-25 10:43:19 --> Could not find the language line "Home"
ERROR - 2018-09-25 10:44:22 --> Could not find the language line "Home"
ERROR - 2018-09-25 10:44:36 --> Could not find the language line "Home"
ERROR - 2018-09-25 10:47:21 --> Could not find the language line "Home"
ERROR - 2018-09-25 10:47:24 --> Could not find the language line "Home"
ERROR - 2018-09-25 10:47:26 --> Could not find the language line "Home"
ERROR - 2018-09-25 10:47:37 --> Could not find the language line "Home"
ERROR - 2018-09-25 10:47:52 --> Could not find the language line "Home"
ERROR - 2018-09-25 10:50:35 --> Could not find the language line "Home"
ERROR - 2018-09-25 11:24:49 --> Could not find the language line "Home"
ERROR - 2018-09-25 11:24:52 --> Could not find the language line "Home"
ERROR - 2018-09-25 11:27:01 --> Could not find the language line "Home"
ERROR - 2018-09-25 11:27:05 --> Could not find the language line "Home"
ERROR - 2018-09-25 11:27:52 --> Could not find the language line "Home"
ERROR - 2018-09-25 11:28:36 --> Could not find the language line "Home"
ERROR - 2018-09-25 11:30:14 --> Could not find the language line "Home"
ERROR - 2018-09-25 11:30:47 --> Could not find the language line "Home"
ERROR - 2018-09-25 11:32:50 --> Could not find the language line "Home"
ERROR - 2018-09-25 11:33:08 --> Could not find the language line "Home"
ERROR - 2018-09-25 11:33:17 --> Could not find the language line "Home"
ERROR - 2018-09-25 11:33:32 --> Could not find the language line "Home"
ERROR - 2018-09-25 11:35:40 --> Could not find the language line "Home"
ERROR - 2018-09-25 11:36:16 --> Could not find the language line "Home"
ERROR - 2018-09-25 11:36:42 --> Could not find the language line "Home"
ERROR - 2018-09-25 11:36:58 --> Could not find the language line "Home"
ERROR - 2018-09-25 11:38:05 --> Could not find the language line "Home"
ERROR - 2018-09-25 11:38:09 --> Could not find the language line "Home"
ERROR - 2018-09-25 11:38:25 --> Could not find the language line "Home"
ERROR - 2018-09-25 11:38:54 --> Could not find the language line "Home"
ERROR - 2018-09-25 11:39:15 --> Could not find the language line "Home"
ERROR - 2018-09-25 11:39:20 --> Could not find the language line "Home"
ERROR - 2018-09-25 11:39:27 --> Could not find the language line "Home"
ERROR - 2018-09-25 11:42:57 --> Could not find the language line "Home"
ERROR - 2018-09-25 11:43:03 --> Could not find the language line "Home"
ERROR - 2018-09-25 11:45:02 --> Could not find the language line "Home"
ERROR - 2018-09-25 11:45:08 --> Could not find the language line "Home"
ERROR - 2018-09-25 11:45:12 --> Could not find the language line "Home"
ERROR - 2018-09-25 11:45:21 --> Could not find the language line "Home"
ERROR - 2018-09-25 11:51:05 --> Could not find the language line "Home"
ERROR - 2018-09-25 11:51:08 --> Could not find the language line "Home"
ERROR - 2018-09-25 11:51:32 --> Could not find the language line "Home"
ERROR - 2018-09-25 11:51:36 --> Could not find the language line "Home"
ERROR - 2018-09-25 11:51:55 --> Could not find the language line "Home"
ERROR - 2018-09-25 11:53:04 --> Could not find the language line "Home"
ERROR - 2018-09-25 11:54:06 --> Could not find the language line "Home"
ERROR - 2018-09-25 11:59:20 --> Could not find the language line "Home"
ERROR - 2018-09-25 12:00:11 --> Could not find the language line "Home"
ERROR - 2018-09-25 12:00:34 --> Could not find the language line "Home"
ERROR - 2018-09-25 12:03:46 --> Could not find the language line "Home"
ERROR - 2018-09-25 12:03:57 --> Could not find the language line "Home"
ERROR - 2018-09-25 12:04:12 --> Could not find the language line "Home"
ERROR - 2018-09-25 12:06:04 --> Could not find the language line "Home"
ERROR - 2018-09-25 12:09:27 --> Could not find the language line "Home"
ERROR - 2018-09-25 12:12:23 --> Could not find the language line "Home"
ERROR - 2018-09-25 12:14:02 --> Could not find the language line "Home"
ERROR - 2018-09-25 12:14:16 --> Could not find the language line "Home"
ERROR - 2018-09-25 12:14:33 --> Could not find the language line "Home"
ERROR - 2018-09-25 12:14:51 --> Could not find the language line "Home"
ERROR - 2018-09-25 12:14:54 --> Could not find the language line "Home"
ERROR - 2018-09-25 12:15:29 --> Could not find the language line "Home"
ERROR - 2018-09-25 12:18:58 --> Could not find the language line "Home"
ERROR - 2018-09-25 12:19:16 --> Could not find the language line "Home"
ERROR - 2018-09-25 12:19:46 --> Could not find the language line "Home"
ERROR - 2018-09-25 12:20:50 --> Could not find the language line "Home"
ERROR - 2018-09-25 12:21:16 --> Could not find the language line "Home"
ERROR - 2018-09-25 12:21:31 --> Could not find the language line "Home"
ERROR - 2018-09-25 12:21:57 --> Could not find the language line "Home"
ERROR - 2018-09-25 12:22:49 --> Could not find the language line "Home"
ERROR - 2018-09-25 12:22:56 --> Could not find the language line "Home"
ERROR - 2018-09-25 12:23:49 --> Could not find the language line "Home"
ERROR - 2018-09-25 12:25:08 --> Could not find the language line "Home"
ERROR - 2018-09-25 12:26:04 --> Could not find the language line "Home"
ERROR - 2018-09-25 12:28:04 --> Could not find the language line "Home"
ERROR - 2018-09-25 12:28:19 --> Could not find the language line "Home"
ERROR - 2018-09-25 13:43:15 --> Severity: Warning --> mysqli::real_connect(): (HY000/1049): Unknown database 'dilemmatik' D:\OSPanel\domains\localhost\NestGarage\system\database\drivers\mysqli\mysqli_driver.php 201
ERROR - 2018-09-25 13:43:15 --> Unable to connect to the database
ERROR - 2018-09-25 13:43:15 --> Language file contains no data: language/armenian/db_lang.php
ERROR - 2018-09-25 13:43:15 --> Could not find the language line "db_error_heading"
ERROR - 2018-09-25 13:43:15 --> Could not find the language line "db_unable_to_connect"
ERROR - 2018-09-25 13:43:15 --> Severity: Warning --> Cannot modify header information - headers already sent by (output started at D:\OSPanel\domains\localhost\NestGarage\system\core\Exceptions.php:271) D:\OSPanel\domains\localhost\NestGarage\system\core\Common.php 570
ERROR - 2018-09-25 13:45:51 --> Could not find the language line "Home"
ERROR - 2018-09-25 13:45:58 --> Could not find the language line "Home"
ERROR - 2018-09-25 13:46:07 --> Could not find the language line "Home"
ERROR - 2018-09-25 13:51:44 --> Could not find the language line "Home"
ERROR - 2018-09-25 15:22:06 --> Severity: Warning --> mysqli::real_connect(): (HY000/1049): Unknown database 'nestnarage' D:\OSPanel\domains\localhost\NestGarage\system\database\drivers\mysqli\mysqli_driver.php 201
ERROR - 2018-09-25 15:22:06 --> Unable to connect to the database
ERROR - 2018-09-25 15:22:06 --> Language file contains no data: language/armenian/db_lang.php
ERROR - 2018-09-25 15:22:06 --> Could not find the language line "db_error_heading"
ERROR - 2018-09-25 15:22:06 --> Could not find the language line "db_unable_to_connect"
ERROR - 2018-09-25 15:22:06 --> Severity: Warning --> Cannot modify header information - headers already sent by (output started at D:\OSPanel\domains\localhost\NestGarage\system\core\Exceptions.php:271) D:\OSPanel\domains\localhost\NestGarage\system\core\Common.php 570
ERROR - 2018-09-25 15:22:10 --> Severity: Warning --> mysqli::real_connect(): (HY000/1049): Unknown database 'nestnarage' D:\OSPanel\domains\localhost\NestGarage\system\database\drivers\mysqli\mysqli_driver.php 201
ERROR - 2018-09-25 15:22:10 --> Unable to connect to the database
ERROR - 2018-09-25 15:22:10 --> Language file contains no data: language/armenian/db_lang.php
ERROR - 2018-09-25 15:22:10 --> Could not find the language line "db_error_heading"
ERROR - 2018-09-25 15:22:10 --> Could not find the language line "db_unable_to_connect"
ERROR - 2018-09-25 15:22:10 --> Severity: Warning --> Cannot modify header information - headers already sent by (output started at D:\OSPanel\domains\localhost\NestGarage\system\core\Exceptions.php:271) D:\OSPanel\domains\localhost\NestGarage\system\core\Common.php 570
